<?xml version="1.0" encoding="UTF-8" ?>
<testsuite failures="0" time="6.105" errors="0" skipped="0" tests="9" name="com.tenminutes.TimerIntegrationTest">
  <properties>
[...]
</properties>
  <testcase time="5.496" classname="com.tenminutes.TimerIntegrationTest" name="testMarkerMethod"/>
  <testcase time="0.416" classname="com.tenminutes.TimerIntegrationTest" name="testCountTimers"/>
  <testcase time="0.039" classname="com.tenminutes.TimerIntegrationTest" name="testFindTimer"/>
  <testcase time="0.016" classname="com.tenminutes.TimerIntegrationTest" name="testFindAllTimers"/>
  <testcase time="0.023" classname="com.tenminutes.TimerIntegrationTest" name="testFindTimerEntries"/>
  <testcase time="0.02" classname="com.tenminutes.TimerIntegrationTest" name="testFlush"/>
  <testcase time="0.026" classname="com.tenminutes.TimerIntegrationTest" name="testMergeUpdate"/>
  <testcase time="0.026" classname="com.tenminutes.TimerIntegrationTest" name="testPersist"/>
  <testcase time="0.043" classname="com.tenminutes.TimerIntegrationTest" name="testRemove"/>
</testsuite>